build/app/intermediates/manifest_merge_blame_file/release/manifest-merger-blame-release-report.txt
1<?xml version="1.0" encoding="utf-8"?>
2<manifest xmlns:android="http://schemas.android.com/apk/res/android"
3    package="com.afritality"
4    android:versionCode="1"
5    android:versionName="0.0.1" >
6
7    <uses-sdk
8        android:minSdkVersion="21"
8-->src/main/AndroidManifest.xml
9        android:targetSdkVersion="29" />
9-->src/main/AndroidManifest.xml
10
11    <uses-permission android:name="android.permission.INTERNET" />
11-->src/main/AndroidManifest.xml:4:5-67
11-->src/main/AndroidManifest.xml:4:22-64
12    <uses-permission android:name="android.permission.WRITE_EXTERNAL_STORAGE" />
12-->src/main/AndroidManifest.xml:5:5-81
12-->src/main/AndroidManifest.xml:5:22-78
13    <uses-permission android:name="android.permission.READ_EXTERNAL_STORAGE" />
13-->src/main/AndroidManifest.xml:6:5-79
13-->src/main/AndroidManifest.xml:6:22-77
14    <uses-permission android:name="android.permission.ACCESS_FINE_LOCATION" />
14-->[:geolocator] AndroidManifest.xml:7:5-79
14-->[:geolocator] AndroidManifest.xml:7:22-76
15    <uses-permission android:name="android.permission.ACCESS_NETWORK_STATE" />
15-->[com.google.firebase:firebase-iid:20.3.0] AndroidManifest.xml:22:5-79
15-->[com.google.firebase:firebase-iid:20.3.0] AndroidManifest.xml:22:22-76
16    <uses-permission android:name="android.permission.WAKE_LOCK" /> <!-- Required by older versions of Google Play services to create IID tokens -->
16-->[com.google.firebase:firebase-iid:20.3.0] AndroidManifest.xml:24:5-68
16-->[com.google.firebase:firebase-iid:20.3.0] AndroidManifest.xml:24:22-65
17    <uses-permission android:name="com.google.android.c2dm.permission.RECEIVE" />
17-->[com.google.firebase:firebase-iid:20.3.0] AndroidManifest.xml:26:5-82
17-->[com.google.firebase:firebase-iid:20.3.0] AndroidManifest.xml:26:22-79
18    <uses-permission android:name="com.google.android.finsky.permission.BIND_GET_INSTALL_REFERRER_SERVICE" />
18-->[com.google.android.gms:play-services-measurement:17.6.0] AndroidManifest.xml:26:5-110
18-->[com.google.android.gms:play-services-measurement:17.6.0] AndroidManifest.xml:26:22-107
19    <uses-permission android:name="com.android.vending.BILLING" />
19-->[com.revenuecat.purchases:purchases:3.5.2] AndroidManifest.xml:12:5-67
19-->[com.revenuecat.purchases:purchases:3.5.2] AndroidManifest.xml:12:22-64
20    <!--
21 io.flutter.app.FlutterApplication is an android.app.Application that
22         calls FlutterMain.startInitialization(this); in its onCreate method.
23         In most cases you can leave this as-is, but you if you want to provide
24         additional functionality it is fine to subclass or reimplement
25         FlutterApplication and put your custom class here.
26    -->
27    <application
27-->src/main/AndroidManifest.xml:13:5-59:19
28        android:name="io.flutter.app.FlutterApplication"
28-->src/main/AndroidManifest.xml:14:9-57
29        android:appComponentFactory="androidx.core.app.CoreComponentFactory"
29-->[androidx.core:core:1.3.1] AndroidManifest.xml:24:18-86
30        android:icon="@mipmap/ic_launcher"
30-->src/main/AndroidManifest.xml:16:9-43
31        android:label="Afritality" >
31-->src/main/AndroidManifest.xml:15:9-35
32        <activity
32-->src/main/AndroidManifest.xml:17:9-45:20
33            android:name="com.afritality.MainActivity"
33-->src/main/AndroidManifest.xml:18:13-41
34            android:configChanges="orientation|keyboardHidden|keyboard|screenSize|smallestScreenSize|locale|layoutDirection|fontScale|screenLayout|density|uiMode"
34-->src/main/AndroidManifest.xml:21:13-163
35            android:hardwareAccelerated="true"
35-->src/main/AndroidManifest.xml:22:13-47
36            android:launchMode="singleTop"
36-->src/main/AndroidManifest.xml:19:13-43
37            android:theme="@style/LaunchTheme"
37-->src/main/AndroidManifest.xml:20:13-47
38            android:windowSoftInputMode="adjustResize" >
38-->src/main/AndroidManifest.xml:23:13-55
39
40            <!--
41                 Specifies an Android theme to apply to this Activity as soon as
42                 the Android process has started. This theme is visible to the user
43                 while the Flutter UI initializes. After that, this theme continues
44                 to determine the Window background behind the Flutter UI.
45            -->
46            <meta-data
46-->src/main/AndroidManifest.xml:28:13-31:17
47                android:name="io.flutter.embedding.android.NormalTheme"
47-->src/main/AndroidManifest.xml:29:15-70
48                android:resource="@style/NormalTheme" />
48-->src/main/AndroidManifest.xml:30:15-52
49            <!--
50                 Displays an Android View that continues showing the launch screen
51                 Drawable until Flutter paints its first frame, then this splash
52                 screen fades out. A splash screen is useful to avoid any visual
53                 gap between the end of Android's launch screen and the painting of
54                 Flutter's first frame.
55            -->
56            <meta-data
56-->src/main/AndroidManifest.xml:37:13-40:17
57                android:name="io.flutter.embedding.android.SplashScreenDrawable"
57-->src/main/AndroidManifest.xml:38:15-79
58                android:resource="@drawable/launch_background" />
58-->src/main/AndroidManifest.xml:39:15-61
59
60            <intent-filter>
60-->src/main/AndroidManifest.xml:41:13-44:29
61                <action android:name="android.intent.action.MAIN" />
61-->src/main/AndroidManifest.xml:42:17-68
61-->src/main/AndroidManifest.xml:42:25-66
62
63                <category android:name="android.intent.category.LAUNCHER" />
63-->src/main/AndroidManifest.xml:43:17-76
63-->src/main/AndroidManifest.xml:43:27-74
64            </intent-filter>
65        </activity>
66        <activity
66-->src/main/AndroidManifest.xml:47:9-52:20
67            android:name="com.yalantis.ucrop.UCropActivity"
67-->src/main/AndroidManifest.xml:48:13-60
68            android:screenOrientation="portrait"
68-->src/main/AndroidManifest.xml:49:13-49
69            android:theme="@style/Theme.AppCompat.Light.NoActionBar" >
69-->src/main/AndroidManifest.xml:50:13-69
70        </activity>
71
72        <!--
73             Don't delete the meta-data below.
74             This is used by the Flutter tool to generate GeneratedPluginRegistrant.java
75        -->
76        <meta-data
76-->src/main/AndroidManifest.xml:56:9-58:33
77            android:name="flutterEmbedding"
77-->src/main/AndroidManifest.xml:57:13-44
78            android:value="2" />
78-->src/main/AndroidManifest.xml:58:13-30
79
80        <provider
80-->[:image_picker] AndroidManifest.xml:11:9-19:20
81            android:name="io.flutter.plugins.imagepicker.ImagePickerFileProvider"
81-->[:image_picker] AndroidManifest.xml:12:13-82
82            android:authorities="com.afritality.flutter.image_provider"
82-->[:image_picker] AndroidManifest.xml:13:13-74
83            android:exported="false"
83-->[:image_picker] AndroidManifest.xml:14:13-37
84            android:grantUriPermissions="true" >
84-->[:image_picker] AndroidManifest.xml:15:13-47
85            <meta-data
85-->[:image_picker] AndroidManifest.xml:16:13-18:75
86                android:name="android.support.FILE_PROVIDER_PATHS"
86-->[:image_picker] AndroidManifest.xml:17:17-67
87                android:resource="@xml/flutter_image_picker_file_paths" />
87-->[:image_picker] AndroidManifest.xml:18:17-72
88        </provider>
89
90        <service
90-->[:cloud_firestore] AndroidManifest.xml:8:9-12:19
91            android:name="com.google.firebase.components.ComponentDiscoveryService"
91-->[:cloud_firestore] AndroidManifest.xml:8:18-89
92            android:directBootAware="true"
92-->[com.google.firebase:firebase-common:19.3.1] AndroidManifest.xml:35:13-43
93            android:exported="false" >
93-->[com.google.firebase:firebase-auth:19.4.0] AndroidManifest.xml:35:13-37
94            <meta-data
94-->[:cloud_firestore] AndroidManifest.xml:9:13-11:85
95                android:name="com.google.firebase.components:io.flutter.plugins.firebase.firestore.FlutterFirebaseFirestoreRegistrar"
95-->[:cloud_firestore] AndroidManifest.xml:10:17-134
96                android:value="com.google.firebase.components.ComponentRegistrar" />
96-->[:cloud_firestore] AndroidManifest.xml:11:17-82
97            <meta-data
97-->[:firebase_auth] AndroidManifest.xml:9:13-11:85
98                android:name="com.google.firebase.components:io.flutter.plugins.firebase.auth.FlutterFirebaseAuthRegistrar"
98-->[:firebase_auth] AndroidManifest.xml:10:17-124
99                android:value="com.google.firebase.components.ComponentRegistrar" />
99-->[:firebase_auth] AndroidManifest.xml:11:17-82
100            <meta-data
100-->[:firebase_storage] AndroidManifest.xml:9:13-11:85
101                android:name="com.google.firebase.components:io.flutter.plugins.firebase.storage.FlutterFirebaseAppRegistrar"
101-->[:firebase_storage] AndroidManifest.xml:10:17-126
102                android:value="com.google.firebase.components.ComponentRegistrar" />
102-->[:firebase_storage] AndroidManifest.xml:11:17-82
103            <meta-data
103-->[:firebase_crashlytics] AndroidManifest.xml:9:13-11:85
104                android:name="com.google.firebase.components:io.flutter.plugins.firebase.crashlytics.firebasecrashlytics.FlutterFirebaseAppRegistrar"
104-->[:firebase_crashlytics] AndroidManifest.xml:10:17-150
105                android:value="com.google.firebase.components.ComponentRegistrar" />
105-->[:firebase_crashlytics] AndroidManifest.xml:11:17-82
106            <meta-data
106-->[:firebase_core] AndroidManifest.xml:9:13-11:85
107                android:name="com.google.firebase.components:io.flutter.plugins.firebase.core.FlutterFirebaseCoreRegistrar"
107-->[:firebase_core] AndroidManifest.xml:10:17-124
108                android:value="com.google.firebase.components.ComponentRegistrar" />
108-->[:firebase_core] AndroidManifest.xml:11:17-82
109            <meta-data
109-->[com.google.firebase:firebase-auth:19.4.0] AndroidManifest.xml:36:13-38:85
110                android:name="com.google.firebase.components:com.google.firebase.auth.FirebaseAuthRegistrar"
110-->[com.google.firebase:firebase-auth:19.4.0] AndroidManifest.xml:37:17-109
111                android:value="com.google.firebase.components.ComponentRegistrar" />
111-->[com.google.firebase:firebase-auth:19.4.0] AndroidManifest.xml:38:17-82
112            <meta-data
112-->[com.google.firebase:firebase-messaging:20.3.0] AndroidManifest.xml:39:13-41:85
113                android:name="com.google.firebase.components:com.google.firebase.messaging.FirebaseMessagingRegistrar"
113-->[com.google.firebase:firebase-messaging:20.3.0] AndroidManifest.xml:40:17-119
114                android:value="com.google.firebase.components.ComponentRegistrar" />
114-->[com.google.firebase:firebase-messaging:20.3.0] AndroidManifest.xml:41:17-82
115            <meta-data
115-->[com.google.firebase:firebase-iid:20.3.0] AndroidManifest.xml:32:13-34:85
116                android:name="com.google.firebase.components:com.google.firebase.iid.Registrar"
116-->[com.google.firebase:firebase-iid:20.3.0] AndroidManifest.xml:33:17-96
117                android:value="com.google.firebase.components.ComponentRegistrar" />
117-->[com.google.firebase:firebase-iid:20.3.0] AndroidManifest.xml:34:17-82
118            <meta-data
118-->[com.google.android.gms:play-services-measurement-api:17.6.0] AndroidManifest.xml:30:13-32:85
119                android:name="com.google.firebase.components:com.google.firebase.analytics.connector.internal.AnalyticsConnectorRegistrar"
119-->[com.google.android.gms:play-services-measurement-api:17.6.0] AndroidManifest.xml:31:17-139
120                android:value="com.google.firebase.components.ComponentRegistrar" />
120-->[com.google.android.gms:play-services-measurement-api:17.6.0] AndroidManifest.xml:32:17-82
121            <meta-data
121-->[com.google.firebase:firebase-storage:19.2.0] AndroidManifest.xml:33:13-35:85
122                android:name="com.google.firebase.components:com.google.firebase.storage.StorageRegistrar"
122-->[com.google.firebase:firebase-storage:19.2.0] AndroidManifest.xml:34:17-107
123                android:value="com.google.firebase.components.ComponentRegistrar" />
123-->[com.google.firebase:firebase-storage:19.2.0] AndroidManifest.xml:35:17-82
124            <meta-data
124-->[com.google.firebase:firebase-firestore:21.7.1] AndroidManifest.xml:20:13-22:85
125                android:name="com.google.firebase.components:com.google.firebase.firestore.FirestoreRegistrar"
125-->[com.google.firebase:firebase-firestore:21.7.1] AndroidManifest.xml:21:17-111
126                android:value="com.google.firebase.components.ComponentRegistrar" />
126-->[com.google.firebase:firebase-firestore:21.7.1] AndroidManifest.xml:22:17-82
127            <meta-data
127-->[com.google.firebase:firebase-installations:16.3.3] AndroidManifest.xml:17:13-19:85
128                android:name="com.google.firebase.components:com.google.firebase.installations.FirebaseInstallationsRegistrar"
128-->[com.google.firebase:firebase-installations:16.3.3] AndroidManifest.xml:18:17-127
129                android:value="com.google.firebase.components.ComponentRegistrar" />
129-->[com.google.firebase:firebase-installations:16.3.3] AndroidManifest.xml:19:17-82
130            <meta-data
130-->[com.google.firebase:firebase-datatransport:17.0.3] AndroidManifest.xml:28:13-30:85
131                android:name="com.google.firebase.components:com.google.firebase.datatransport.TransportRegistrar"
131-->[com.google.firebase:firebase-datatransport:17.0.3] AndroidManifest.xml:29:17-115
132                android:value="com.google.firebase.components.ComponentRegistrar" />
132-->[com.google.firebase:firebase-datatransport:17.0.3] AndroidManifest.xml:30:17-82
133        </service>
134
135        <activity
135-->[:flutter_inappwebview] AndroidManifest.xml:8:9-11:47
136            android:name="com.pichillilorenzo.flutter_inappwebview.InAppBrowser.InAppBrowserActivity"
136-->[:flutter_inappwebview] AndroidManifest.xml:9:13-102
137            android:configChanges="orientation|screenSize"
137-->[:flutter_inappwebview] AndroidManifest.xml:10:13-59
138            android:theme="@style/AppTheme" />
138-->[:flutter_inappwebview] AndroidManifest.xml:11:13-44
139        <activity
139-->[:flutter_inappwebview] AndroidManifest.xml:12:9-15:55
140            android:name="com.pichillilorenzo.flutter_inappwebview.ChromeCustomTabs.ChromeCustomTabsActivity"
140-->[:flutter_inappwebview] AndroidManifest.xml:13:13-110
141            android:configChanges="orientation|screenSize"
141-->[:flutter_inappwebview] AndroidManifest.xml:14:13-59
142            android:theme="@style/ThemeTransparent" />
142-->[:flutter_inappwebview] AndroidManifest.xml:15:13-52
143
144        <receiver android:name="com.pichillilorenzo.flutter_inappwebview.ChromeCustomTabs.ActionBroadcastReceiver" />
144-->[:flutter_inappwebview] AndroidManifest.xml:17:9-118
144-->[:flutter_inappwebview] AndroidManifest.xml:17:19-115
145
146        <service android:name="io.flutter.plugins.firebasemessaging.FlutterFirebaseInstanceIDService" >
146-->[:firebase_messaging] AndroidManifest.xml:8:9-12:19
146-->[:firebase_messaging] AndroidManifest.xml:8:18-102
147            <intent-filter>
147-->[:firebase_messaging] AndroidManifest.xml:9:13-11:29
148                <action android:name="com.google.firebase.INSTANCE_ID_EVENT" />
148-->[:firebase_messaging] AndroidManifest.xml:10:17-80
148-->[:firebase_messaging] AndroidManifest.xml:10:25-77
149            </intent-filter>
150        </service>
151        <service android:name="io.flutter.plugins.firebasemessaging.FlutterFirebaseMessagingService" >
151-->[:firebase_messaging] AndroidManifest.xml:13:9-17:19
151-->[:firebase_messaging] AndroidManifest.xml:13:18-101
152            <intent-filter>
152-->[:firebase_messaging] AndroidManifest.xml:14:13-16:29
153                <action android:name="com.google.firebase.MESSAGING_EVENT" />
153-->[:firebase_messaging] AndroidManifest.xml:15:17-78
153-->[:firebase_messaging] AndroidManifest.xml:15:25-75
154            </intent-filter>
155        </service>
156
157        <provider
157-->[:share] AndroidManifest.xml:8:9-16:20
158            android:name="io.flutter.plugins.share.ShareFileProvider"
158-->[:share] AndroidManifest.xml:9:13-70
159            android:authorities="com.afritality.flutter.share_provider"
159-->[:share] AndroidManifest.xml:10:13-74
160            android:exported="false"
160-->[:share] AndroidManifest.xml:11:13-37
161            android:grantUriPermissions="true" >
161-->[:share] AndroidManifest.xml:12:13-47
162            <meta-data
162-->[:image_picker] AndroidManifest.xml:16:13-18:75
163                android:name="android.support.FILE_PROVIDER_PATHS"
163-->[:image_picker] AndroidManifest.xml:17:17-67
164                android:resource="@xml/flutter_share_file_paths" />
164-->[:image_picker] AndroidManifest.xml:18:17-72
165        </provider>
166
167        <activity
167-->[:url_launcher] AndroidManifest.xml:8:9-11:74
168            android:name="io.flutter.plugins.urllauncher.WebViewActivity"
168-->[:url_launcher] AndroidManifest.xml:9:13-74
169            android:exported="false"
169-->[:url_launcher] AndroidManifest.xml:10:13-37
170            android:theme="@android:style/Theme.NoTitleBar.Fullscreen" />
170-->[:url_launcher] AndroidManifest.xml:11:13-71
171        <activity
171-->[com.google.firebase:firebase-auth:19.4.0] AndroidManifest.xml:24:9-31:50
172            android:name="com.google.firebase.auth.internal.FederatedSignInActivity"
172-->[com.google.firebase:firebase-auth:19.4.0] AndroidManifest.xml:25:13-85
173            android:excludeFromRecents="true"
173-->[com.google.firebase:firebase-auth:19.4.0] AndroidManifest.xml:26:13-46
174            android:exported="true"
174-->[com.google.firebase:firebase-auth:19.4.0] AndroidManifest.xml:27:13-36
175            android:launchMode="singleTask"
175-->[com.google.firebase:firebase-auth:19.4.0] AndroidManifest.xml:28:13-44
176            android:permission="com.google.firebase.auth.api.gms.permission.LAUNCH_FEDERATED_SIGN_IN"
176-->[com.google.firebase:firebase-auth:19.4.0] AndroidManifest.xml:29:13-102
177            android:theme="@android:style/Theme.Translucent.NoTitleBar" />
177-->[com.google.firebase:firebase-auth:19.4.0] AndroidManifest.xml:30:13-72
178        <!--
179             FirebaseMessagingService performs security checks at runtime,
180             but set to not exported to explicitly avoid allowing another app to call it.
181        -->
182        <service
182-->[com.google.firebase:firebase-messaging:20.3.0] AndroidManifest.xml:28:9-35:19
183            android:name="com.google.firebase.messaging.FirebaseMessagingService"
183-->[com.google.firebase:firebase-messaging:20.3.0] AndroidManifest.xml:29:13-82
184            android:directBootAware="true"
184-->[com.google.firebase:firebase-messaging:20.3.0] AndroidManifest.xml:30:13-43
185            android:exported="false" >
185-->[com.google.firebase:firebase-messaging:20.3.0] AndroidManifest.xml:31:13-37
186            <intent-filter android:priority="-500" >
186-->[:firebase_messaging] AndroidManifest.xml:14:13-16:29
187                <action android:name="com.google.firebase.MESSAGING_EVENT" />
187-->[:firebase_messaging] AndroidManifest.xml:15:17-78
187-->[:firebase_messaging] AndroidManifest.xml:15:25-75
188            </intent-filter>
189        </service>
190
191        <receiver
191-->[com.google.firebase:firebase-iid:20.3.0] AndroidManifest.xml:37:9-44:20
192            android:name="com.google.firebase.iid.FirebaseInstanceIdReceiver"
192-->[com.google.firebase:firebase-iid:20.3.0] AndroidManifest.xml:38:13-78
193            android:exported="true"
193-->[com.google.firebase:firebase-iid:20.3.0] AndroidManifest.xml:39:13-36
194            android:permission="com.google.android.c2dm.permission.SEND" >
194-->[com.google.firebase:firebase-iid:20.3.0] AndroidManifest.xml:40:13-73
195            <intent-filter>
195-->[com.google.firebase:firebase-iid:20.3.0] AndroidManifest.xml:41:13-43:29
196                <action android:name="com.google.android.c2dm.intent.RECEIVE" />
196-->[com.google.firebase:firebase-iid:20.3.0] AndroidManifest.xml:42:17-81
196-->[com.google.firebase:firebase-iid:20.3.0] AndroidManifest.xml:42:25-78
197            </intent-filter>
198        </receiver>
199        <receiver
199-->[com.google.android.gms:play-services-measurement:17.6.0] AndroidManifest.xml:29:9-33:20
200            android:name="com.google.android.gms.measurement.AppMeasurementReceiver"
200-->[com.google.android.gms:play-services-measurement:17.6.0] AndroidManifest.xml:30:13-85
201            android:enabled="true"
201-->[com.google.android.gms:play-services-measurement:17.6.0] AndroidManifest.xml:31:13-35
202            android:exported="false" >
202-->[com.google.android.gms:play-services-measurement:17.6.0] AndroidManifest.xml:32:13-37
203        </receiver>
204
205        <service
205-->[com.google.android.gms:play-services-measurement:17.6.0] AndroidManifest.xml:35:9-38:40
206            android:name="com.google.android.gms.measurement.AppMeasurementService"
206-->[com.google.android.gms:play-services-measurement:17.6.0] AndroidManifest.xml:36:13-84
207            android:enabled="true"
207-->[com.google.android.gms:play-services-measurement:17.6.0] AndroidManifest.xml:37:13-35
208            android:exported="false" />
208-->[com.google.android.gms:play-services-measurement:17.6.0] AndroidManifest.xml:38:13-37
209        <service
209-->[com.google.android.gms:play-services-measurement:17.6.0] AndroidManifest.xml:39:9-43:72
210            android:name="com.google.android.gms.measurement.AppMeasurementJobService"
210-->[com.google.android.gms:play-services-measurement:17.6.0] AndroidManifest.xml:40:13-87
211            android:enabled="true"
211-->[com.google.android.gms:play-services-measurement:17.6.0] AndroidManifest.xml:41:13-35
212            android:exported="false"
212-->[com.google.android.gms:play-services-measurement:17.6.0] AndroidManifest.xml:42:13-37
213            android:permission="android.permission.BIND_JOB_SERVICE" />
213-->[com.google.android.gms:play-services-measurement:17.6.0] AndroidManifest.xml:43:13-69
214
215        <activity
215-->[com.google.android.gms:play-services-auth:16.0.1] AndroidManifest.xml:23:9-27:75
216            android:name="com.google.android.gms.auth.api.signin.internal.SignInHubActivity"
216-->[com.google.android.gms:play-services-auth:16.0.1] AndroidManifest.xml:24:13-93
217            android:excludeFromRecents="true"
217-->[com.google.android.gms:play-services-auth:16.0.1] AndroidManifest.xml:25:13-46
218            android:exported="false"
218-->[com.google.android.gms:play-services-auth:16.0.1] AndroidManifest.xml:26:13-37
219            android:theme="@android:style/Theme.Translucent.NoTitleBar" />
219-->[com.google.android.gms:play-services-auth:16.0.1] AndroidManifest.xml:27:13-72
220        <!--
221            Service handling Google Sign-In user revocation. For apps that do not integrate with
222            Google Sign-In, this service will never be started.
223        -->
224        <service
224-->[com.google.android.gms:play-services-auth:16.0.1] AndroidManifest.xml:33:9-36:110
225            android:name="com.google.android.gms.auth.api.signin.RevocationBoundService"
225-->[com.google.android.gms:play-services-auth:16.0.1] AndroidManifest.xml:34:13-89
226            android:exported="true"
226-->[com.google.android.gms:play-services-auth:16.0.1] AndroidManifest.xml:35:13-36
227            android:permission="com.google.android.gms.auth.api.signin.permission.REVOCATION_NOTIFICATION" />
227-->[com.google.android.gms:play-services-auth:16.0.1] AndroidManifest.xml:36:13-107
228
229        <activity
229-->[com.google.android.gms:play-services-base:17.2.1] AndroidManifest.xml:23:9-26:75
230            android:name="com.google.android.gms.common.api.GoogleApiActivity"
230-->[com.google.android.gms:play-services-base:17.2.1] AndroidManifest.xml:24:13-79
231            android:exported="false"
231-->[com.google.android.gms:play-services-base:17.2.1] AndroidManifest.xml:25:13-37
232            android:theme="@android:style/Theme.Translucent.NoTitleBar" />
232-->[com.google.android.gms:play-services-base:17.2.1] AndroidManifest.xml:26:13-72
233
234        <provider
234-->[com.google.firebase:firebase-common:19.3.1] AndroidManifest.xml:26:9-31:39
235            android:name="com.google.firebase.provider.FirebaseInitProvider"
235-->[com.google.firebase:firebase-common:19.3.1] AndroidManifest.xml:27:13-77
236            android:authorities="com.afritality.firebaseinitprovider"
236-->[com.google.firebase:firebase-common:19.3.1] AndroidManifest.xml:28:13-72
237            android:directBootAware="true"
237-->[com.google.firebase:firebase-common:19.3.1] AndroidManifest.xml:29:13-43
238            android:exported="false"
238-->[com.google.firebase:firebase-common:19.3.1] AndroidManifest.xml:30:13-37
239            android:initOrder="100" />
239-->[com.google.firebase:firebase-common:19.3.1] AndroidManifest.xml:31:13-36
240
241        <meta-data
241-->[com.google.android.gms:play-services-basement:17.2.1] AndroidManifest.xml:23:9-25:69
242            android:name="com.google.android.gms.version"
242-->[com.google.android.gms:play-services-basement:17.2.1] AndroidManifest.xml:24:13-58
243            android:value="@integer/google_play_services_version" />
243-->[com.google.android.gms:play-services-basement:17.2.1] AndroidManifest.xml:25:13-66
244
245        <provider
245-->[androidx.lifecycle:lifecycle-process:2.1.0] AndroidManifest.xml:23:9-27:43
246            android:name="androidx.lifecycle.ProcessLifecycleOwnerInitializer"
246-->[androidx.lifecycle:lifecycle-process:2.1.0] AndroidManifest.xml:24:13-79
247            android:authorities="com.afritality.lifecycle-process"
247-->[androidx.lifecycle:lifecycle-process:2.1.0] AndroidManifest.xml:25:13-69
248            android:exported="false"
248-->[androidx.lifecycle:lifecycle-process:2.1.0] AndroidManifest.xml:26:13-37
249            android:multiprocess="true" />
249-->[androidx.lifecycle:lifecycle-process:2.1.0] AndroidManifest.xml:27:13-40
250
251        <service
251-->[com.google.android.datatransport:transport-backend-cct:2.2.0] AndroidManifest.xml:29:9-35:19
252            android:name="com.google.android.datatransport.runtime.backends.TransportBackendDiscovery"
252-->[com.google.android.datatransport:transport-backend-cct:2.2.0] AndroidManifest.xml:30:13-103
253            android:exported="false" >
253-->[com.google.android.datatransport:transport-backend-cct:2.2.0] AndroidManifest.xml:31:13-37
254            <meta-data
254-->[com.google.android.datatransport:transport-backend-cct:2.2.0] AndroidManifest.xml:32:13-34:39
255                android:name="backend:com.google.android.datatransport.cct.CctBackendFactory"
255-->[com.google.android.datatransport:transport-backend-cct:2.2.0] AndroidManifest.xml:33:17-94
256                android:value="cct" />
256-->[com.google.android.datatransport:transport-backend-cct:2.2.0] AndroidManifest.xml:34:17-36
257        </service>
258        <service
258-->[com.google.android.datatransport:transport-runtime:2.2.0] AndroidManifest.xml:26:9-30:19
259            android:name="com.google.android.datatransport.runtime.scheduling.jobscheduling.JobInfoSchedulerService"
259-->[com.google.android.datatransport:transport-runtime:2.2.0] AndroidManifest.xml:27:13-117
260            android:exported="false"
260-->[com.google.android.datatransport:transport-runtime:2.2.0] AndroidManifest.xml:28:13-37
261            android:permission="android.permission.BIND_JOB_SERVICE" >
261-->[com.google.android.datatransport:transport-runtime:2.2.0] AndroidManifest.xml:29:13-69
262        </service>
263
264        <receiver
264-->[com.google.android.datatransport:transport-runtime:2.2.0] AndroidManifest.xml:32:9-34:40
265            android:name="com.google.android.datatransport.runtime.scheduling.jobscheduling.AlarmManagerSchedulerBroadcastReceiver"
265-->[com.google.android.datatransport:transport-runtime:2.2.0] AndroidManifest.xml:33:13-132
266            android:exported="false" />
266-->[com.google.android.datatransport:transport-runtime:2.2.0] AndroidManifest.xml:34:13-37
267
268        <meta-data
268-->[com.android.billingclient:billing:3.0.1] AndroidManifest.xml:13:9-15:37
269            android:name="com.google.android.play.billingclient.version"
269-->[com.android.billingclient:billing:3.0.1] AndroidManifest.xml:14:13-73
270            android:value="3.0.1" />
270-->[com.android.billingclient:billing:3.0.1] AndroidManifest.xml:15:13-34
271
272        <activity
272-->[com.android.billingclient:billing:3.0.1] AndroidManifest.xml:17:9-21:75
273            android:name="com.android.billingclient.api.ProxyBillingActivity"
273-->[com.android.billingclient:billing:3.0.1] AndroidManifest.xml:18:13-78
274            android:configChanges="keyboard|keyboardHidden|screenLayout|screenSize|orientation"
274-->[com.android.billingclient:billing:3.0.1] AndroidManifest.xml:19:13-96
275            android:exported="false"
275-->[com.android.billingclient:billing:3.0.1] AndroidManifest.xml:20:13-37
276            android:theme="@android:style/Theme.Translucent.NoTitleBar" />
276-->[com.android.billingclient:billing:3.0.1] AndroidManifest.xml:21:13-72
277
278        <provider
278-->[com.crashlytics.sdk.android:crashlytics:2.10.1] AndroidManifest.xml:19:9-23:38
279            android:name="com.crashlytics.android.CrashlyticsInitProvider"
279-->[com.crashlytics.sdk.android:crashlytics:2.10.1] AndroidManifest.xml:20:13-75
280            android:authorities="com.afritality.crashlyticsinitprovider"
280-->[com.crashlytics.sdk.android:crashlytics:2.10.1] AndroidManifest.xml:21:13-75